<?xml version="1.0" encoding="UTF-8"?>
<!-- Generated by org.testng.reporters.JUnitReportReporter -->
<testsuite hostname="HOME-PC" name="TestRunner.RunnerClass" tests="1" failures="0" timestamp="4 Mar 2020 07:22:15 GMT" time="28.949" errors="0">
  <testcase name="iPhone" time="28.949" classname="TestRunner.RunnerClass"/>
</testsuite> <!-- TestRunner.RunnerClass -->
